<?xml version="1.0" encoding="UTF-8"?>
<testsuite xmlns:xsi="http://www.w3.org/2001/XMLSchema-instance" xsi:noNamespaceSchemaLocation="https://maven.apache.org/surefire/maven-surefire-plugin/xsd/surefire-test-report-3.0.xsd" version="3.0" name="com.interview.test.AmazonBrowseProductsTest" time="158.399" tests="1" errors="0" skipped="0" failures="1">
  <properties>
[...]
</properties>
  <testcase name="testLogin" classname="com.interview.test.AmazonBrowseProductsTest" time="150.738">
    <failure message="Cannot locate option with value: Electronics&#10;For documentation on this error, please visit: https://selenium.dev/exceptions/#no_such_element&#10;Build info: version: &apos;4.0.0&apos;, revision: &apos;3a21814679&apos;&#10;System info: host: &apos;DESKTOP-E2E3E7P&apos;, ip: &apos;192.168.43.74&apos;, os.name: &apos;Windows 10&apos;, os.arch: &apos;amd64&apos;, os.version: &apos;10.0&apos;, java.version: &apos;1.8.0_181&apos;&#10;Driver info: driver.version: unknown" type="org.openqa.selenium.NoSuchElementException"><![CDATA[org.openqa.selenium.NoSuchElementException: 
Cannot locate option with value: Electronics
For documentation on this error, please visit: https://selenium.dev/exceptions/#no_such_element
Build info: version: '4.0.0', revision: '3a21814679'
System info: host: 'DESKTOP-E2E3E7P', ip: '192.168.43.74', os.name: 'Windows 10', os.arch: 'amd64', os.version: '10.0', java.version: '1.8.0_181'
Driver info: driver.version: unknown
	at org.openqa.selenium.support.ui.Select.findOptionsByValue(Select.java:287)
	at org.openqa.selenium.support.ui.Select.selectByValue(Select.java:190)
	at com.interview.pageObjects.AmazonHomepage.selectCategory(AmazonHomepage.java:53)
	at com.interview.test.AmazonBrowseProductsTest.testLogin(AmazonBrowseProductsTest.java:37)
	at sun.reflect.NativeMethodAccessorImpl.invoke0(Native Method)
	at sun.reflect.NativeMethodAccessorImpl.invoke(NativeMethodAccessorImpl.java:62)
	at sun.reflect.DelegatingMethodAccessorImpl.invoke(DelegatingMethodAccessorImpl.java:43)
	at java.lang.reflect.Method.invoke(Method.java:498)
	at org.testng.internal.MethodInvocationHelper.invokeMethod(MethodInvocationHelper.java:133)
	at org.testng.internal.TestInvoker.invokeMethod(TestInvoker.java:598)
	at org.testng.internal.TestInvoker.invokeTestMethod(TestInvoker.java:173)
	at org.testng.internal.MethodRunner.runInSequence(MethodRunner.java:46)
	at org.testng.internal.TestInvoker$MethodInvocationAgent.invoke(TestInvoker.java:824)
	at org.testng.internal.TestInvoker.invokeTestMethods(TestInvoker.java:146)
	at org.testng.internal.TestMethodWorker.invokeTestMethods(TestMethodWorker.java:146)
	at org.testng.internal.TestMethodWorker.run(TestMethodWorker.java:128)
	at java.util.ArrayList.forEach(ArrayList.java:1257)
	at org.testng.TestRunner.privateRun(TestRunner.java:794)
	at org.testng.TestRunner.run(TestRunner.java:596)
	at org.testng.SuiteRunner.runTest(SuiteRunner.java:377)
	at org.testng.SuiteRunner.runSequentially(SuiteRunner.java:371)
	at org.testng.SuiteRunner.privateRun(SuiteRunner.java:332)
	at org.testng.SuiteRunner.run(SuiteRunner.java:276)
	at org.testng.SuiteRunnerWorker.runSuite(SuiteRunnerWorker.java:53)
	at org.testng.SuiteRunnerWorker.run(SuiteRunnerWorker.java:96)
	at org.testng.TestNG.runSuitesSequentially(TestNG.java:1212)
	at org.testng.TestNG.runSuitesLocally(TestNG.java:1134)
	at org.testng.TestNG.runSuites(TestNG.java:1063)
	at org.testng.TestNG.run(TestNG.java:1031)
	at org.apache.maven.surefire.testng.TestNGExecutor.run(TestNGExecutor.java:151)
	at org.apache.maven.surefire.testng.TestNGDirectoryTestSuite.executeSingleClass(TestNGDirectoryTestSuite.java:111)
	at org.apache.maven.surefire.testng.TestNGDirectoryTestSuite.execute(TestNGDirectoryTestSuite.java:98)
	at org.apache.maven.surefire.testng.TestNGProvider.invoke(TestNGProvider.java:155)
	at org.apache.maven.surefire.booter.ForkedBooter.runSuitesInProcess(ForkedBooter.java:456)
	at org.apache.maven.surefire.booter.ForkedBooter.execute(ForkedBooter.java:169)
	at org.apache.maven.surefire.booter.ForkedBooter.run(ForkedBooter.java:595)
	at org.apache.maven.surefire.booter.ForkedBooter.main(ForkedBooter.java:581)
]]></failure>
    <system-out><![CDATA[Web result with site links

Amazon.in
https://www.amazon.in
Amazon.in: Online Shopping India - Buy mobiles, laptops, cameras, books, watches, apparel, shoes and e-Gift Cards. Free Shipping & Cash on Delivery ...
Today's Deals
New customer? Start here. All. Sell Amazon miniTV Best Sellers ...
Electronics
Great Republic Day Sale | Up to 70% off | Electronics & Accessories.
Amazon Prime
Prime members enjoy unlimited free, fast delivery on eligible ...
Amazon Pay
Mobile Recharge - Electricity bill - Wallet - LPG Cylinder Payment
More results from amazon.in »
Top stories
Amazon delays hiring of college graduates, expected to layoff 20000 employees soon
21 hours ago
Amazon Wardrobe Refresh Sale 2022: Big discounts on watches and smartwatches
17 hours ago
Amazon miniTV has unveiled an engaging trailer of their upcoming show 'Physics Wallah'
3 hours ago
Amazon Wardrobe Refresh Sale 2022: Last Day Deals On Silk Sarees; Hurry Up
1 hour ago
More news
Popular products
Amazon Fire TV Stick Lite (2020)
₹2,999.00
amazon.in
and 10+ stores
(8k+)
Hulu · Netflix · Amazon Instant · Pandora · Spotify · YouTube · BBC iPlayer · SkyNews · 8 GB · Full HD · Dongle · Amazon Alexa · Remote Included · Wi-Fi
Amazon All-new Kindle Paperwhite Now with a 6.8" display and adjustable warm light At Nykaa
₹14,999.00
amazon.in
and 3+ stores
(1k+)
2–32 GB · PDF · TXT · DOC · 6 inches screen · Wi-Fi · Cellular Wireless · E Ink · Photo Viewer
Amazon Echo (4th Gen.)
₹3,999.00
Reliance Digital
and 10+ stores
(2k+)
Voice Control · Bluetooth · Wi-Fi · AUX · Twilight Blue · Glacier White · Wireless · Smart Speaker · Amazon Alexa
Amazon Echo Show 5 (2nd Gen)
₹5,499.00
amazon.in
and 5+ stores
(492)
Camera · Display Screen · Voice Control · Touchscreen · Bluetooth · Wi-Fi · Wireless · Smart Speaker · Amazon Alexa
Amazon Echo Show 8 (2nd Gen.)
₹8,499.00
amazon.in
and 5+ stores
(260)
Camera · Display Screen · Voice Control · Touchscreen · Bluetooth · Wi-Fi · NFC · USB · AUX · Wireless · Smart Speaker · Amazon Alexa
All Departments - Amazon.com
https://www.amazon.com › ...
Amazon Go is a new kind of store featuring the world's most advanced shopping technology. No lines, no checkout – just grab and go!
Amazon.jobs: Help us build Earth's most customer-centric ...
https://www.amazon.jobs
Learn about Fulfillment center career opportunities, and see open jobs at our Amazon Fulfillment Portal. View fulfillment jobs ...
About Amazon
https://www.aboutamazon.com
News announcements, original stories, and facts about Amazon.
Amazon.com Sign up for Prime Video
https://www.primevideo.com
Enjoy The Lord of the Rings: The Rings of Power and other Amazon Originals, popular movies, and hit TV shows — all available with your Prime membership.
Amazon - Twitter
https://twitter.com › amazon
7 holiday movies you can stream on Prime Video and Amazon Freevee, ... Find someone who looks at you the same way you look at your Amazon deliveries.
Amazon (company) - Wikipedia
https://en.wikipedia.org › wiki › Amazon_(company)
Amazon.com, Inc. is an American multinational technology company focusing on e-commerce, cloud computing, online advertising, digital streaming, ...
Subsidiaries: List: A9.com; AbeBooks; Alexa In...
Owner: Jeff Bezos (9.8%)
Industry: E-commerce; Cloud Computing; Artifi...
Number of employees: 1,544,000 (September ...

Related searches
amazon prime
amazon shopping
amazon.in login
amazon prime video
amazon jobs
amazon sale
amazon download
amazon de
]]></system-out>
    <system-err><![CDATA[SLF4J: Failed to load class "org.slf4j.impl.StaticLoggerBinder".
SLF4J: Defaulting to no-operation (NOP) logger implementation
SLF4J: See http://www.slf4j.org/codes.html#StaticLoggerBinder for further details.
Starting ChromeDriver 107.0.5304.62 (1eec40d3a5764881c92085aaee66d25075c159aa-refs/branch-heads/5304@{#942}) on port 55487
Only local connections are allowed.
Please see https://chromedriver.chromium.org/security-considerations for suggestions on keeping ChromeDriver safe.
ChromeDriver was started successfully.
[1671002966.489][WARNING]: This version of ChromeDriver has not been tested with Chrome version 108.
Dec 14, 2022 12:59:29 PM org.openqa.selenium.remote.ProtocolHandshake createSession
INFO: Detected dialect: W3C
Dec 14, 2022 12:59:31 PM org.openqa.selenium.devtools.CdpVersionFinder findNearestMatch
WARNING: Unable to find an exact match for CDP version 108, so returning the closest version found: a no-op implementation
Dec 14, 2022 12:59:31 PM org.openqa.selenium.devtools.CdpVersionFinder findNearestMatch
INFO: Unable to find CDP implementation matching 108.
Dec 14, 2022 12:59:31 PM org.openqa.selenium.chromium.ChromiumDriver lambda$new$3
WARNING: Unable to find version of CDP to use for . You may need to include a dependency on a specific version of the CDP using something similar to `org.seleniumhq.selenium:selenium-devtools-v86:4.0.0` where the version ("v86") matches the version of the chromium-based browser you're using and the version number of the artifact is the same as Selenium's.
]]></system-err>
  </testcase>
</testsuite>